<?xml version="1.0" encoding="UTF-8"?>
<testsuite name="com.neznatnov.tests.CiscoMainPageTest" tests="4" skipped="0" failures="0" errors="0" timestamp="2023-06-26T14:46:26" hostname="MacBook-Air-Veronika.local" time="10.536">
  <properties/>
  <testcase name="Check language change on main page, german" classname="com.neznatnov.tests.CiscoMainPageTest" time="8.415"/>
  <testcase name="Check logo exists on the main page" classname="com.neznatnov.tests.CiscoMainPageTest" time="0.734"/>
  <testcase name="Check search text placeholder on the main page" classname="com.neznatnov.tests.CiscoMainPageTest" time="0.58"/>
  <testcase name="Check the correct text in Contact bar on main page" classname="com.neznatnov.tests.CiscoMainPageTest" time="0.802"/>
  <system-out><![CDATA[]]></system-out>
  <system-err><![CDATA[[Test worker] INFO com.codeborne.selenide.impl.WebDriverThreadLocalContainer - No webdriver is bound to current thread: 1 - let's create a new webdriver
[Test worker] INFO com.codeborne.selenide.impl.FileHelper - Creating folder: /Users/veronikaackaa/IdeaProjects/test1/build/downloads/1687790786945_9098_1
[Test worker] INFO io.github.bonigarcia.wdm.WebDriverManager - Using chromedriver 114.0.5735.90 (resolved driver for Chrome 114)
[Test worker] INFO io.github.bonigarcia.wdm.WebDriverManager - Exporting webdriver.chrome.driver as /Users/veronikaackaa/.cache/selenium/chromedriver/mac-arm64/114.0.5735.90/chromedriver
[Test worker] INFO com.codeborne.selenide.webdriver.SelenideNettyClientFactory - Changed readTimeout from PT3M to PT1M30S
Starting ChromeDriver 114.0.5735.90 (386bc09e8f4f2e025eddae123f36f6263096ae49-refs/branch-heads/5735@{#1052}) on port 18122
Only local connections are allowed.
Please see https://chromedriver.chromium.org/security-considerations for suggestions on keeping ChromeDriver safe.
ChromeDriver was started successfully.
[Test worker] INFO com.codeborne.selenide.webdriver.SelenideNettyClientFactory - Changed readTimeout from PT3M to PT1M30S
[Test worker] INFO com.codeborne.selenide.webdriver.SelenideNettyClientFactory - Changed readTimeout from PT3M to PT1M30S
июн. 26, 2023 4:46:28 PM org.openqa.selenium.devtools.CdpVersionFinder findNearestMatch
WARNING: Unable to find an exact match for CDP version 114, so returning the closest version found: 113
[Test worker] INFO com.codeborne.selenide.webdriver.WebDriverFactory - BrowserName=chrome Version=114.0.5735.133 Platform=mac
[Test worker] INFO com.codeborne.selenide.webdriver.WebDriverFactory - Selenide v. 6.15.0
[Test worker] INFO com.codeborne.selenide.webdriver.WebDriverFactory - Selenium WebDriver v. 4.9.1 build revision: eb2032df7f
[Test worker] INFO com.codeborne.selenide.drivercommands.CreateDriverCommand - Created webdriver in thread 1: ChromeDriver -> ChromeDriver: chrome on mac (bffdb8ab0fa3194a50399502b3811c55)
[Test worker] INFO com.codeborne.selenide.drivercommands.DisposablesRegistry - Register WebDriverInstance[config=StaticConfig,webDriver=ChromeDriver: chrome on mac (bffdb8ab0fa3194a50399502b3811c55),proxy=null,downloadsFolder=/Users/veronikaackaa/IdeaProjects/test1/build/downloads/1687790786945_9098_1] in 1 [size=1]
[Test worker] INFO com.codeborne.selenide.drivercommands.DisposablesRegistry - Add shutdown hook in 1 [size=1]
]]></system-err>
</testsuite>
